<?xml version="1.0" encoding="UTF-8"?>
<!-- Generated by org.testng.reporters.JUnitReportReporter -->
<testsuite hostname="GRGINA-NWX0082" failures="0" tests="1" name="testCases.JivoxIdVerification" time="568.856" errors="0" timestamp="2023-04-17T19:24:19 IST" skipped="0">
  <testcase classname="testCases.JivoxIdVerification" name="verifyingJivoxID" time="568.856"/>
  <system-out/>
</testsuite> <!-- testCases.JivoxIdVerification -->
